{"E:\\www\\automated-tests\\src\\product.ts": {"path":"E:\\www\\automated-tests\\src\\product.ts","statementMap":{"0":{"start":{"line":3,"column":0},"end":{"line":3,"column":13}},"1":{"start":{"line":4,"column":21},"end":{"line":4,"column":33}},"2":{"start":{"line":4,"column":42},"end":{"line":4,"column":55}},"3":{"start":{"line":5,"column":0},"end":{"line":5,"column":null}},"4":{"start":{"line":3,"column":13},"end":{"line":3,"column":20}}},"fnMap":{"0":{"name":"(anonymous_0)","decl":{"start":{"line":3,"column":0},"end":{"line":3,"column":13}},"loc":{"start":{"line":3,"column":0},"end":{"line":5,"column":null}}},"1":{"name":"Product","decl":{"start":{"line":4,"column":2},"end":{"line":4,"column":21}},"loc":{"start":{"line":4,"column":55},"end":{"line":4,"column":59}}}},"branchMap":{},"s":{"0":1,"1":3,"2":3,"3":1,"4":1},"f":{"0":1,"1":3},"b":{}}
,"E:\\www\\automated-tests\\src\\classes\\Order.ts": {"path":"E:\\www\\automated-tests\\src\\classes\\Order.ts","statementMap":{"0":{"start":{"line":7,"column":0},"end":{"line":7,"column":13}},"1":{"start":{"line":11,"column":21},"end":{"line":11,"column":47}},"2":{"start":{"line":12,"column":21},"end":{"line":12,"column":47}},"3":{"start":{"line":13,"column":21},"end":{"line":13,"column":53}},"4":{"start":{"line":14,"column":21},"end":{"line":14,"column":44}},"5":{"start":{"line":8,"column":10},"end":{"line":8,"column":46}},"6":{"start":{"line":17,"column":2},"end":{"line":19,"column":null}},"7":{"start":{"line":18,"column":4},"end":{"line":18,"column":29}},"8":{"start":{"line":21,"column":2},"end":{"line":36,"column":null}},"9":{"start":{"line":22,"column":4},"end":{"line":25,"column":null}},"10":{"start":{"line":23,"column":6},"end":{"line":23,"column":45}},"11":{"start":{"line":24,"column":6},"end":{"line":24,"column":13}},"12":{"start":{"line":27,"column":4},"end":{"line":27,"column":33}},"13":{"start":{"line":28,"column":4},"end":{"line":30,"column":6}},"14":{"start":{"line":31,"column":4},"end":{"line":31,"column":33}},"15":{"start":{"line":32,"column":4},"end":{"line":32,"column":22}},"16":{"start":{"line":33,"column":4},"end":{"line":35,"column":6}},"17":{"start":{"line":37,"column":0},"end":{"line":37,"column":null}},"18":{"start":{"line":7,"column":13},"end":{"line":7,"column":18}}},"fnMap":{"0":{"name":"(anonymous_0)","decl":{"start":{"line":7,"column":0},"end":{"line":7,"column":13}},"loc":{"start":{"line":7,"column":0},"end":{"line":37,"column":null}}},"1":{"name":"Order","decl":{"start":{"line":10,"column":2},"end":{"line":10,"column":null}},"loc":{"start":{"line":14,"column":44},"end":{"line":15,"column":6}}},"2":{"name":"(anonymous_2)","decl":{"start":{"line":17,"column":2},"end":{"line":17,"column":6}},"loc":{"start":{"line":17,"column":2},"end":{"line":19,"column":3}}},"3":{"name":"(anonymous_3)","decl":{"start":{"line":21,"column":2},"end":{"line":21,"column":10}},"loc":{"start":{"line":21,"column":2},"end":{"line":36,"column":3}}}},"branchMap":{"0":{"loc":{"start":{"line":22,"column":4},"end":{"line":25,"column":null}},"type":"if","locations":[{"start":{"line":22,"column":4},"end":{"line":25,"column":null}},{"start":{"line":22,"column":4},"end":{"line":25,"column":null}}]}},"s":{"0":1,"1":5,"2":5,"3":5,"4":5,"5":5,"6":1,"7":2,"8":1,"9":5,"10":4,"11":4,"12":1,"13":1,"14":1,"15":1,"16":1,"17":1,"18":1},"f":{"0":1,"1":5,"2":2,"3":5},"b":{"0":[4,1]}}
,"E:\\www\\automated-tests\\src\\classes\\customer.ts": {"path":"E:\\www\\automated-tests\\src\\classes\\customer.ts","statementMap":{"0":{"start":{"line":3,"column":0},"end":{"line":3,"column":13}},"1":{"start":{"line":11,"column":4},"end":{"line":11,"column":31}},"2":{"start":{"line":12,"column":4},"end":{"line":12,"column":29}},"3":{"start":{"line":13,"column":4},"end":{"line":13,"column":19}},"4":{"start":{"line":16,"column":2},"end":{"line":18,"column":null}},"5":{"start":{"line":17,"column":4},"end":{"line":17,"column":48}},"6":{"start":{"line":20,"column":2},"end":{"line":22,"column":null}},"7":{"start":{"line":21,"column":4},"end":{"line":21,"column":20}},"8":{"start":{"line":23,"column":0},"end":{"line":23,"column":null}},"9":{"start":{"line":3,"column":13},"end":{"line":3,"column":31}},"10":{"start":{"line":25,"column":0},"end":{"line":25,"column":13}},"11":{"start":{"line":32,"column":4},"end":{"line":32,"column":31}},"12":{"start":{"line":33,"column":4},"end":{"line":33,"column":21}},"13":{"start":{"line":36,"column":2},"end":{"line":38,"column":null}},"14":{"start":{"line":37,"column":4},"end":{"line":37,"column":31}},"15":{"start":{"line":40,"column":2},"end":{"line":42,"column":null}},"16":{"start":{"line":41,"column":4},"end":{"line":41,"column":21}},"17":{"start":{"line":43,"column":0},"end":{"line":43,"column":null}},"18":{"start":{"line":25,"column":13},"end":{"line":25,"column":31}}},"fnMap":{"0":{"name":"(anonymous_0)","decl":{"start":{"line":3,"column":0},"end":{"line":3,"column":13}},"loc":{"start":{"line":3,"column":0},"end":{"line":23,"column":null}}},"1":{"name":"IndividualCustomer","decl":{"start":{"line":10,"column":2},"end":{"line":10,"column":14}},"loc":{"start":{"line":10,"column":62},"end":{"line":14,"column":3}}},"2":{"name":"(anonymous_2)","decl":{"start":{"line":16,"column":2},"end":{"line":16,"column":9}},"loc":{"start":{"line":16,"column":2},"end":{"line":18,"column":3}}},"3":{"name":"(anonymous_3)","decl":{"start":{"line":20,"column":2},"end":{"line":20,"column":8}},"loc":{"start":{"line":20,"column":2},"end":{"line":22,"column":3}}},"4":{"name":"(anonymous_4)","decl":{"start":{"line":25,"column":0},"end":{"line":25,"column":13}},"loc":{"start":{"line":25,"column":0},"end":{"line":43,"column":null}}},"5":{"name":"EnterpriseCustomer","decl":{"start":{"line":31,"column":2},"end":{"line":31,"column":14}},"loc":{"start":{"line":31,"column":40},"end":{"line":34,"column":3}}},"6":{"name":"(anonymous_6)","decl":{"start":{"line":36,"column":2},"end":{"line":36,"column":9}},"loc":{"start":{"line":36,"column":2},"end":{"line":38,"column":3}}},"7":{"name":"(anonymous_7)","decl":{"start":{"line":40,"column":2},"end":{"line":40,"column":8}},"loc":{"start":{"line":40,"column":2},"end":{"line":42,"column":3}}}},"branchMap":{},"s":{"0":1,"1":2,"2":2,"3":2,"4":1,"5":1,"6":1,"7":1,"8":1,"9":1,"10":1,"11":2,"12":2,"13":1,"14":1,"15":1,"16":1,"17":1,"18":1},"f":{"0":1,"1":2,"2":1,"3":1,"4":1,"5":2,"6":1,"7":1},"b":{}}
,"E:\\www\\automated-tests\\src\\classes\\discount.ts": {"path":"E:\\www\\automated-tests\\src\\classes\\discount.ts","statementMap":{"0":{"start":{"line":1,"column":0},"end":{"line":1,"column":22}},"1":{"start":{"line":2,"column":12},"end":{"line":2,"column":25}},"2":{"start":{"line":3,"column":2},"end":{"line":5,"column":null}},"3":{"start":{"line":4,"column":4},"end":{"line":4,"column":49}},"4":{"start":{"line":6,"column":0},"end":{"line":6,"column":null}},"5":{"start":{"line":1,"column":22},"end":{"line":1,"column":30}},"6":{"start":{"line":8,"column":0},"end":{"line":8,"column":null}},"7":{"start":{"line":8,"column":42},"end":{"line":8,"column":50}},"8":{"start":{"line":8,"column":0},"end":{"line":8,"column":13}},"9":{"start":{"line":9,"column":12},"end":{"line":9,"column":26}},"10":{"start":{"line":10,"column":0},"end":{"line":10,"column":null}},"11":{"start":{"line":8,"column":13},"end":{"line":8,"column":33}},"12":{"start":{"line":12,"column":0},"end":{"line":12,"column":42}},"13":{"start":{"line":12,"column":32},"end":{"line":12,"column":40}},"14":{"start":{"line":12,"column":42},"end":{"line":12,"column":null}},"15":{"start":{"line":12,"column":13},"end":{"line":12,"column":23}}},"fnMap":{"0":{"name":"(anonymous_6)","decl":{"start":{"line":1,"column":0},"end":{"line":1,"column":22}},"loc":{"start":{"line":1,"column":0},"end":{"line":6,"column":null}}},"1":{"name":"(anonymous_8)","decl":{"start":{"line":3,"column":2},"end":{"line":3,"column":11}},"loc":{"start":{"line":3,"column":25},"end":{"line":5,"column":3}}},"2":{"name":"(anonymous_9)","decl":{"start":{"line":8,"column":0},"end":{"line":8,"column":13}},"loc":{"start":{"line":8,"column":0},"end":{"line":10,"column":null}}},"3":{"name":"(anonymous_11)","decl":{"start":{"line":12,"column":0},"end":{"line":12,"column":13}},"loc":{"start":{"line":12,"column":0},"end":{"line":12,"column":-1}}}},"branchMap":{"0":{"loc":{"start":{"line":8,"column":0},"end":{"line":8,"column":13}},"type":"binary-expr","locations":[{"start":{"line":8,"column":0},"end":{"line":8,"column":13}},{"start":{"line":8,"column":0},"end":{"line":8,"column":13}},{"start":{"line":8,"column":0},"end":{"line":8,"column":13}}]}},"s":{"0":2,"1":9,"2":2,"3":5,"4":2,"5":2,"6":2,"7":2,"8":1,"9":1,"10":2,"11":2,"12":2,"13":2,"14":2,"15":2},"f":{"0":11,"1":5,"2":3,"3":3},"b":{"0":[1,1,1]}}
,"E:\\www\\automated-tests\\src\\classes\\shopping_cart.ts": {"path":"E:\\www\\automated-tests\\src\\classes\\shopping_cart.ts","statementMap":{"0":{"start":{"line":5,"column":0},"end":{"line":5,"column":13}},"1":{"start":{"line":8,"column":31},"end":{"line":8,"column":49}},"2":{"start":{"line":6,"column":19},"end":{"line":6,"column":48}},"3":{"start":{"line":10,"column":2},"end":{"line":12,"column":null}},"4":{"start":{"line":11,"column":4},"end":{"line":11,"column":30}},"5":{"start":{"line":14,"column":2},"end":{"line":16,"column":null}},"6":{"start":{"line":15,"column":4},"end":{"line":15,"column":33}},"7":{"start":{"line":18,"column":2},"end":{"line":20,"column":null}},"8":{"start":{"line":19,"column":4},"end":{"line":19,"column":23}},"9":{"start":{"line":22,"column":2},"end":{"line":26,"column":null}},"10":{"start":{"line":23,"column":4},"end":{"line":25,"column":18}},"11":{"start":{"line":24,"column":31},"end":{"line":24,"column":51}},"12":{"start":{"line":28,"column":2},"end":{"line":30,"column":null}},"13":{"start":{"line":29,"column":4},"end":{"line":29,"column":54}},"14":{"start":{"line":32,"column":2},"end":{"line":34,"column":null}},"15":{"start":{"line":33,"column":4},"end":{"line":33,"column":36}},"16":{"start":{"line":36,"column":2},"end":{"line":38,"column":null}},"17":{"start":{"line":37,"column":4},"end":{"line":37,"column":27}},"18":{"start":{"line":39,"column":0},"end":{"line":39,"column":null}},"19":{"start":{"line":5,"column":13},"end":{"line":5,"column":25}}},"fnMap":{"0":{"name":"(anonymous_0)","decl":{"start":{"line":5,"column":0},"end":{"line":5,"column":13}},"loc":{"start":{"line":5,"column":0},"end":{"line":39,"column":null}}},"1":{"name":"ShoppingCart","decl":{"start":{"line":8,"column":2},"end":{"line":8,"column":31}},"loc":{"start":{"line":8,"column":49},"end":{"line":8,"column":53}}},"2":{"name":"(anonymous_2)","decl":{"start":{"line":10,"column":2},"end":{"line":10,"column":12}},"loc":{"start":{"line":10,"column":30},"end":{"line":12,"column":3}}},"3":{"name":"(anonymous_3)","decl":{"start":{"line":14,"column":2},"end":{"line":14,"column":15}},"loc":{"start":{"line":14,"column":29},"end":{"line":16,"column":3}}},"4":{"name":"(anonymous_4)","decl":{"start":{"line":18,"column":2},"end":{"line":18,"column":6}},"loc":{"start":{"line":18,"column":2},"end":{"line":20,"column":3}}},"5":{"name":"(anonymous_5)","decl":{"start":{"line":22,"column":2},"end":{"line":22,"column":12}},"loc":{"start":{"line":22,"column":2},"end":{"line":26,"column":3}}},"6":{"name":"(anonymous_6)","decl":{"start":{"line":24,"column":14},"end":{"line":24,"column":15}},"loc":{"start":{"line":24,"column":26},"end":{"line":24,"column":33}}},"7":{"name":"(anonymous_7)","decl":{"start":{"line":28,"column":2},"end":{"line":28,"column":19}},"loc":{"start":{"line":28,"column":2},"end":{"line":30,"column":3}}},"8":{"name":"(anonymous_8)","decl":{"start":{"line":32,"column":2},"end":{"line":32,"column":9}},"loc":{"start":{"line":32,"column":2},"end":{"line":34,"column":3}}},"9":{"name":"(anonymous_9)","decl":{"start":{"line":36,"column":2},"end":{"line":36,"column":7}},"loc":{"start":{"line":36,"column":2},"end":{"line":38,"column":3}}}},"branchMap":{},"s":{"0":1,"1":7,"2":7,"3":1,"4":12,"5":1,"6":1,"7":1,"8":5,"9":1,"10":5,"11":10,"12":1,"13":3,"14":1,"15":2,"16":1,"17":1,"18":1,"19":1},"f":{"0":1,"1":7,"2":12,"3":1,"4":5,"5":5,"6":10,"7":3,"8":2,"9":1},"b":{}}
,"E:\\www\\automated-tests\\src\\services\\messaging.ts": {"path":"E:\\www\\automated-tests\\src\\services\\messaging.ts","statementMap":{"0":{"start":{"line":3,"column":0},"end":{"line":3,"column":13}},"1":{"start":{"line":4,"column":2},"end":{"line":6,"column":null}},"2":{"start":{"line":5,"column":4},"end":{"line":5,"column":21}},"3":{"start":{"line":7,"column":0},"end":{"line":7,"column":null}},"4":{"start":{"line":3,"column":13},"end":{"line":3,"column":22}}},"fnMap":{"0":{"name":"(anonymous_0)","decl":{"start":{"line":3,"column":0},"end":{"line":3,"column":13}},"loc":{"start":{"line":3,"column":0},"end":{"line":7,"column":null}}},"1":{"name":"(anonymous_2)","decl":{"start":{"line":4,"column":2},"end":{"line":4,"column":13}},"loc":{"start":{"line":4,"column":25},"end":{"line":6,"column":3}}}},"branchMap":{},"s":{"0":1,"1":1,"2":3,"3":1,"4":1},"f":{"0":4,"1":3},"b":{}}
,"E:\\www\\automated-tests\\src\\services\\persistency.ts": {"path":"E:\\www\\automated-tests\\src\\services\\persistency.ts","statementMap":{"0":{"start":{"line":3,"column":0},"end":{"line":3,"column":13}},"1":{"start":{"line":4,"column":2},"end":{"line":6,"column":null}},"2":{"start":{"line":5,"column":4},"end":{"line":5,"column":44}},"3":{"start":{"line":7,"column":0},"end":{"line":7,"column":null}},"4":{"start":{"line":3,"column":13},"end":{"line":3,"column":24}}},"fnMap":{"0":{"name":"(anonymous_0)","decl":{"start":{"line":3,"column":0},"end":{"line":3,"column":13}},"loc":{"start":{"line":3,"column":0},"end":{"line":7,"column":null}}},"1":{"name":"(anonymous_2)","decl":{"start":{"line":4,"column":2},"end":{"line":4,"column":11}},"loc":{"start":{"line":4,"column":2},"end":{"line":6,"column":3}}}},"branchMap":{},"s":{"0":1,"1":1,"2":3,"3":1,"4":1},"f":{"0":4,"1":3},"b":{}}
}
