TN:
SF:src\product.ts
FN:3,(anonymous_0)
FN:4,Product
FNF:2
FNH:2
FNDA:1,(anonymous_0)
FNDA:3,Product
DA:3,1
DA:4,3
DA:5,1
LF:3
LH:3
BRF:0
BRH:0
end_of_record
TN:
SF:src\classes\Order.ts
FN:7,(anonymous_0)
FN:10,Order
FN:17,(anonymous_2)
FN:21,(anonymous_3)
FNF:4
FNH:4
FNDA:1,(anonymous_0)
FNDA:5,Order
FNDA:2,(anonymous_2)
FNDA:5,(anonymous_3)
DA:7,1
DA:8,5
DA:11,5
DA:12,5
DA:13,5
DA:14,5
DA:17,1
DA:18,2
DA:21,1
DA:22,5
DA:23,4
DA:24,4
DA:27,1
DA:28,1
DA:31,1
DA:32,1
DA:33,1
DA:37,1
LF:18
LH:18
BRDA:22,0,0,4
BRDA:22,0,1,1
BRF:2
BRH:2
end_of_record
TN:
SF:src\classes\customer.ts
FN:3,(anonymous_0)
FN:10,IndividualCustomer
FN:16,(anonymous_2)
FN:20,(anonymous_3)
FN:25,(anonymous_4)
FN:31,EnterpriseCustomer
FN:36,(anonymous_6)
FN:40,(anonymous_7)
FNF:8
FNH:8
FNDA:1,(anonymous_0)
FNDA:2,IndividualCustomer
FNDA:1,(anonymous_2)
FNDA:1,(anonymous_3)
FNDA:1,(anonymous_4)
FNDA:2,EnterpriseCustomer
FNDA:1,(anonymous_6)
FNDA:1,(anonymous_7)
DA:3,1
DA:11,2
DA:12,2
DA:13,2
DA:16,1
DA:17,1
DA:20,1
DA:21,1
DA:23,1
DA:25,1
DA:32,2
DA:33,2
DA:36,1
DA:37,1
DA:40,1
DA:41,1
DA:43,1
LF:17
LH:17
BRF:0
BRH:0
end_of_record
TN:
SF:src\classes\discount.ts
FN:1,(anonymous_6)
FN:3,(anonymous_8)
FN:8,(anonymous_9)
FN:12,(anonymous_11)
FNF:4
FNH:4
FNDA:11,(anonymous_6)
FNDA:5,(anonymous_8)
FNDA:3,(anonymous_9)
FNDA:3,(anonymous_11)
DA:1,2
DA:2,9
DA:3,2
DA:4,5
DA:6,2
DA:8,2
DA:9,1
DA:10,2
DA:12,2
LF:9
LH:9
BRDA:8,0,0,1
BRDA:8,0,1,1
BRDA:8,0,2,1
BRF:3
BRH:3
end_of_record
TN:
SF:src\classes\shopping_cart.ts
FN:5,(anonymous_0)
FN:8,ShoppingCart
FN:10,(anonymous_2)
FN:14,(anonymous_3)
FN:18,(anonymous_4)
FN:22,(anonymous_5)
FN:24,(anonymous_6)
FN:28,(anonymous_7)
FN:32,(anonymous_8)
FN:36,(anonymous_9)
FNF:10
FNH:10
FNDA:1,(anonymous_0)
FNDA:7,ShoppingCart
FNDA:12,(anonymous_2)
FNDA:1,(anonymous_3)
FNDA:5,(anonymous_4)
FNDA:5,(anonymous_5)
FNDA:10,(anonymous_6)
FNDA:3,(anonymous_7)
FNDA:2,(anonymous_8)
FNDA:1,(anonymous_9)
DA:5,1
DA:6,7
DA:8,7
DA:10,1
DA:11,12
DA:14,1
DA:15,1
DA:18,1
DA:19,5
DA:22,1
DA:23,5
DA:24,10
DA:28,1
DA:29,3
DA:32,1
DA:33,2
DA:36,1
DA:37,1
DA:39,1
LF:19
LH:19
BRF:0
BRH:0
end_of_record
TN:
SF:src\services\messaging.ts
FN:3,(anonymous_0)
FN:4,(anonymous_2)
FNF:2
FNH:2
FNDA:4,(anonymous_0)
FNDA:3,(anonymous_2)
DA:3,1
DA:4,1
DA:5,3
DA:7,1
LF:4
LH:4
BRF:0
BRH:0
end_of_record
TN:
SF:src\services\persistency.ts
FN:3,(anonymous_0)
FN:4,(anonymous_2)
FNF:2
FNH:2
FNDA:4,(anonymous_0)
FNDA:3,(anonymous_2)
DA:3,1
DA:4,1
DA:5,3
DA:7,1
LF:4
LH:4
BRF:0
BRH:0
end_of_record
